0 info it worked if it ends with ok
1 verbose cli [ '/Users/georgecook/.nvm/versions/node/v4.4.5/bin/node',
1 verbose cli   '/Users/georgecook/.nvm/versions/node/v4.4.5/bin/npm',
1 verbose cli   'run',
1 verbose cli   'test' ]
2 info using npm@3.10.5
3 info using node@v4.4.5
4 verbose run-script [ 'pretest', 'test', 'posttest' ]
5 info lifecycle brsxmlc@0.0.1~pretest: brsxmlc@0.0.1
6 silly lifecycle brsxmlc@0.0.1~pretest: no script for pretest, continuing
7 info lifecycle brsxmlc@0.0.1~test: brsxmlc@0.0.1
8 verbose lifecycle brsxmlc@0.0.1~test: unsafe-perm in lifecycle true
9 verbose lifecycle brsxmlc@0.0.1~test: PATH: /Users/georgecook/.nvm/versions/node/v4.4.5/lib/node_modules/npm/bin/node-gyp-bin:/Users/georgecook/Documents/h7ci/hope/brsxmlc/node_modules/.bin:/Users/georgecook/.nvm/versions/node/v4.4.5/bin:/opt/local/bin:/opt/local/sbin:/Users/georgecook/.nvm/versions/node/v4.4.5/bin:/usr/local/bin:/usr/bin:/bin:/usr/sbin:/sbin:/usr/local/share/dotnet:/opt/X11/bin:/Library/Frameworks/Mono.framework/Versions/Current/Commands:/Applications/Xamarin Workbooks.app/Contents/SharedSupport/path-bin
10 verbose lifecycle brsxmlc@0.0.1~test: CWD: /Users/georgecook/Documents/h7ci/hope/brsxmlc
11 silly lifecycle brsxmlc@0.0.1~test: Args: [ '-c', 'mocha' ]
12 silly lifecycle brsxmlc@0.0.1~test: Returned: code: 1  signal: null
13 info lifecycle brsxmlc@0.0.1~test: Failed to exec test script
14 verbose stack Error: brsxmlc@0.0.1 test: `mocha`
14 verbose stack Exit status 1
14 verbose stack     at EventEmitter.<anonymous> (/Users/georgecook/.nvm/versions/node/v4.4.5/lib/node_modules/npm/lib/utils/lifecycle.js:242:16)
14 verbose stack     at emitTwo (events.js:87:13)
14 verbose stack     at EventEmitter.emit (events.js:172:7)
14 verbose stack     at ChildProcess.<anonymous> (/Users/georgecook/.nvm/versions/node/v4.4.5/lib/node_modules/npm/lib/utils/spawn.js:40:14)
14 verbose stack     at emitTwo (events.js:87:13)
14 verbose stack     at ChildProcess.emit (events.js:172:7)
14 verbose stack     at maybeClose (internal/child_process.js:827:16)
14 verbose stack     at Process.ChildProcess._handle.onexit (internal/child_process.js:211:5)
15 verbose pkgid brsxmlc@0.0.1
16 verbose cwd /Users/georgecook/Documents/h7ci/hope/brsxmlc
17 error Darwin 17.5.0
18 error argv "/Users/georgecook/.nvm/versions/node/v4.4.5/bin/node" "/Users/georgecook/.nvm/versions/node/v4.4.5/bin/npm" "run" "test"
19 error node v4.4.5
20 error npm  v3.10.5
21 error code ELIFECYCLE
22 error brsxmlc@0.0.1 test: `mocha`
22 error Exit status 1
23 error Failed at the brsxmlc@0.0.1 test script 'mocha'.
23 error Make sure you have the latest version of node.js and npm installed.
23 error If you do, this is most likely a problem with the brsxmlc package,
23 error not with npm itself.
23 error Tell the author that this fails on your system:
23 error     mocha
23 error You can get information on how to open an issue for this project with:
23 error     npm bugs brsxmlc
23 error Or if that isn't available, you can get their info via:
23 error     npm owner ls brsxmlc
23 error There is likely additional logging output above.
24 verbose exit [ 1, true ]
